Build started 4/22/2015 6:11:58 PM.
     1>Project "C:\Users\Ahmed Saleh\Desktop\directxgameengine\demos\FPSDemo\FPSDemo.vcxproj" on node 2 (Build target(s)).
     1>C:\Program Files (x86)\MSBuild\Microsoft.Cpp\v4.0\V120\Microsoft.CppBuild.targets(357,5): warning MSB8004: Output Directory does not end with a trailing slash.  This build instance will add the slash as it is required to allow proper evaluation of the Output Directory.
     1>ClCompile:
         C:\Program Files (x86)\Microsoft Visual Studio 12.0\VC\bin\CL.exe /c /I"C:\Users\Ahmed Saleh\Desktop\directxgameengine\vc\..\inc" /I"C:\Users\Ahmed Saleh\Desktop\directxgameengine\vc\..\inc\common" /ZI /nologo /W3 /WX- /sdl /Od /Oy- /D _UNICODE /D UNICODE /Gm /EHsc /RTC1 /MDd /GS /fp:precise /Zc:wchar_t /Zc:forScope /Fo"Debug\\" /Fd"Debug\vc120.pdb" /Gd /TP /analyze- /errorReport:prompt GameApp.cpp
         GameApp.cpp
       Link:
         C:\Program Files (x86)\Microsoft Visual Studio 12.0\VC\bin\link.exe /ERRORREPORT:PROMPT /OUT:".\bin\FPSDemo.exe" /INCREMENTAL /NOLOGO /LIBPATH:"C:\Users\Ahmed Saleh\Desktop\directxgameengine\vc\..\lib" d3d11.lib d3dcompiler.lib dxguid.lib winmm.lib 2DGameEngine.lib DirectXTKd.lib BulletCollision_vs2010_debug.lib BulletDynamics_vs2010_debug.lib LinearMath_vs2010_debug.lib AntTweakBar.lib kernel32.lib user32.lib gdi32.lib winspool.lib comdlg32.lib advapi32.lib shell32.lib ole32.lib oleaut32.lib uuid.lib odbc32.lib odbccp32.lib /MANIFEST /MANIFESTUAC:"level='asInvoker' uiAccess='false'" /manifest:embed /DEBUG /PDB:".\bin\FPSDemo.pdb" /TLBID:1 /DYNAMICBASE /NXCOMPAT /IMPLIB:".\bin\FPSDemo.lib" /MACHINE:X86 Debug\GameApp.obj
         Debug\Main.obj
     1>DirectXTKd.lib(BasicEffect.obj) : warning LNK4099: PDB 'directxtk.pdb' was not found with 'DirectXTKd.lib(BasicEffect.obj)' or at 'C:\Users\Ahmed Saleh\Desktop\directxgameengine\demos\FPSDemo\bin\directxtk.pdb'; linking object as if no debug info
     1>DirectXTKd.lib(CommonStates.obj) : warning LNK4099: PDB 'directxtk.pdb' was not found with 'DirectXTKd.lib(CommonStates.obj)' or at 'C:\Users\Ahmed Saleh\Desktop\directxgameengine\demos\FPSDemo\bin\directxtk.pdb'; linking object as if no debug info
     1>DirectXTKd.lib(DDSTextureLoader.obj) : warning LNK4099: PDB 'directxtk.pdb' was not found with 'DirectXTKd.lib(DDSTextureLoader.obj)' or at 'C:\Users\Ahmed Saleh\Desktop\directxgameengine\demos\FPSDemo\bin\directxtk.pdb'; linking object as if no debug info
     1>DirectXTKd.lib(BinaryReader.obj) : warning LNK4099: PDB 'directxtk.pdb' was not found with 'DirectXTKd.lib(BinaryReader.obj)' or at 'C:\Users\Ahmed Saleh\Desktop\directxgameengine\demos\FPSDemo\bin\directxtk.pdb'; linking object as if no debug info
     1>DirectXTKd.lib(EffectCommon.obj) : warning LNK4099: PDB 'directxtk.pdb' was not found with 'DirectXTKd.lib(EffectCommon.obj)' or at 'C:\Users\Ahmed Saleh\Desktop\directxgameengine\demos\FPSDemo\bin\directxtk.pdb'; linking object as if no debug info
     1>DirectXTKd.lib(EffectFactory.obj) : warning LNK4099: PDB 'directxtk.pdb' was not found with 'DirectXTKd.lib(EffectFactory.obj)' or at 'C:\Users\Ahmed Saleh\Desktop\directxgameengine\demos\FPSDemo\bin\directxtk.pdb'; linking object as if no debug info
     1>DirectXTKd.lib(Model.obj) : warning LNK4099: PDB 'directxtk.pdb' was not found with 'DirectXTKd.lib(Model.obj)' or at 'C:\Users\Ahmed Saleh\Desktop\directxgameengine\demos\FPSDemo\bin\directxtk.pdb'; linking object as if no debug info
     1>DirectXTKd.lib(ModelLoadSDKMESH.obj) : warning LNK4099: PDB 'directxtk.pdb' was not found with 'DirectXTKd.lib(ModelLoadSDKMESH.obj)' or at 'C:\Users\Ahmed Saleh\Desktop\directxgameengine\demos\FPSDemo\bin\directxtk.pdb'; linking object as if no debug info
     1>DirectXTKd.lib(pch.obj) : warning LNK4099: PDB 'directxtk.pdb' was not found with 'DirectXTKd.lib(pch.obj)' or at 'C:\Users\Ahmed Saleh\Desktop\directxgameengine\demos\FPSDemo\bin\directxtk.pdb'; linking object as if no debug info
     1>DirectXTKd.lib(SkinnedEffect.obj) : warning LNK4099: PDB 'directxtk.pdb' was not found with 'DirectXTKd.lib(SkinnedEffect.obj)' or at 'C:\Users\Ahmed Saleh\Desktop\directxgameengine\demos\FPSDemo\bin\directxtk.pdb'; linking object as if no debug info
     1>DirectXTKd.lib(SpriteBatch.obj) : warning LNK4099: PDB 'directxtk.pdb' was not found with 'DirectXTKd.lib(SpriteBatch.obj)' or at 'C:\Users\Ahmed Saleh\Desktop\directxgameengine\demos\FPSDemo\bin\directxtk.pdb'; linking object as if no debug info
     1>DirectXTKd.lib(SpriteFont.obj) : warning LNK4099: PDB 'directxtk.pdb' was not found with 'DirectXTKd.lib(SpriteFont.obj)' or at 'C:\Users\Ahmed Saleh\Desktop\directxgameengine\demos\FPSDemo\bin\directxtk.pdb'; linking object as if no debug info
     1>DirectXTKd.lib(VertexTypes.obj) : warning LNK4099: PDB 'directxtk.pdb' was not found with 'DirectXTKd.lib(VertexTypes.obj)' or at 'C:\Users\Ahmed Saleh\Desktop\directxgameengine\demos\FPSDemo\bin\directxtk.pdb'; linking object as if no debug info
     1>DirectXTKd.lib(WICTextureLoader.obj) : warning LNK4099: PDB 'directxtk.pdb' was not found with 'DirectXTKd.lib(WICTextureLoader.obj)' or at 'C:\Users\Ahmed Saleh\Desktop\directxgameengine\demos\FPSDemo\bin\directxtk.pdb'; linking object as if no debug info
         FPSDemo.vcxproj -> C:\Users\Ahmed Saleh\Desktop\directxgameengine\demos\FPSDemo\.\bin\FPSDemo.exe
     1>Done Building Project "C:\Users\Ahmed Saleh\Desktop\directxgameengine\demos\FPSDemo\FPSDemo.vcxproj" (Build target(s)).

Build succeeded.

Time Elapsed 00:00:17.21
