c:\users\ahmed saleh\desktop\directxgameengine\lib\color.cso
c:\users\ahmed saleh\desktop\directxgameengine\vc\debug\vc120.pdb
c:\users\ahmed saleh\desktop\directxgameengine\vc\debug\vc120.idb
c:\users\ahmed saleh\desktop\directxgameengine\vc\debug\animatedsprite.obj
c:\users\ahmed saleh\desktop\directxgameengine\vc\debug\camera.obj
c:\users\ahmed saleh\desktop\directxgameengine\vc\debug\drawablegameobject.obj
c:\users\ahmed saleh\desktop\directxgameengine\vc\debug\gameobject.obj
c:\users\ahmed saleh\desktop\directxgameengine\vc\debug\geometryprimitives.obj
c:\users\ahmed saleh\desktop\directxgameengine\vc\debug\graphics.obj
c:\users\ahmed saleh\desktop\directxgameengine\vc\debug\grid.obj
c:\users\ahmed saleh\desktop\directxgameengine\vc\debug\physicsdebugdrawer.obj
c:\users\ahmed saleh\desktop\directxgameengine\vc\debug\renderstatehelper.obj
c:\users\ahmed saleh\desktop\directxgameengine\vc\debug\timer.obj
c:\users\ahmed saleh\desktop\directxgameengine\lib\2dgameengine.lib
c:\users\ahmed saleh\desktop\directxgameengine\vc\..\lib\2dgameengine.lib
c:\users\ahmed saleh\desktop\directxgameengine\vc\debug\2dgameengine.tlog\2dgameengine.write.1u.tlog
c:\users\ahmed saleh\desktop\directxgameengine\vc\debug\2dgameengine.tlog\cl.command.1.tlog
c:\users\ahmed saleh\desktop\directxgameengine\vc\debug\2dgameengine.tlog\cl.read.1.tlog
c:\users\ahmed saleh\desktop\directxgameengine\vc\debug\2dgameengine.tlog\cl.write.1.tlog
c:\users\ahmed saleh\desktop\directxgameengine\vc\debug\2dgameengine.tlog\lib-link.read.1.tlog
c:\users\ahmed saleh\desktop\directxgameengine\vc\debug\2dgameengine.tlog\lib-link.write.1.tlog
c:\users\ahmed saleh\desktop\directxgameengine\vc\debug\2dgameengine.tlog\lib.command.1.tlog
